  [1m[36m (0.0ms)[0m  [1mselect sqlite_version(*)[0m
  [1m[35m (13.5ms)[0m  CREATE TABLE "schema_migrations" ("version" varchar(255) NOT NULL) 
  [1m[36m (0.0ms)[0m  [1mPRAGMA index_list("schema_migrations")[0m
  [1m[35m (4.1ms)[0m  CREATE UNIQUE INDEX "unique_schema_migrations" ON "schema_migrations" ("version")
  [1m[36m (0.1ms)[0m  [1mSELECT "schema_migrations"."version" FROM "schema_migrations" [0m
Migrating to CreateMovies (20111119180638)
  [1m[35m (0.3ms)[0m  CREATE TABLE "movies" ("id" INTEGER PRIMARY KEY AUTOINCREMENT NOT NULL, "title" varchar(255), "rating" varchar(255), "description" text, "release_date" datetime, "created_at" datetime, "updated_at" datetime) 
  [1m[36m (0.1ms)[0m  [1mINSERT INTO "schema_migrations" ("version") VALUES ('20111119180638')[0m
  [1m[35m (0.2ms)[0m  select sqlite_version(*)
  [1m[36m (0.1ms)[0m  [1mSELECT "schema_migrations"."version" FROM "schema_migrations" [0m
  [1m[35m (0.0ms)[0m  PRAGMA index_list("movies")
  [1m[36m (0.0ms)[0m  [1mSELECT "schema_migrations"."version" FROM "schema_migrations" [0m
  [1m[35mSQL (9.8ms)[0m  INSERT INTO "movies" ("created_at", "description", "rating", "release_date", "title", "updated_at") VALUES (?, ?, ?, ?, ?, ?)  [["created_at", Wed, 31 Jul 2013 05:46:55 UTC +00:00], ["description", nil], ["rating", "G"], ["release_date", Wed, 25 Nov 1992 00:00:00 UTC +00:00], ["title", "Aladdin"], ["updated_at", Wed, 31 Jul 2013 05:46:55 UTC +00:00]]
  [1m[36mSQL (0.3ms)[0m  [1mINSERT INTO "movies" ("created_at", "description", "rating", "release_date", "title", "updated_at") VALUES (?, ?, ?, ?, ?, ?)[0m  [["created_at", Wed, 31 Jul 2013 05:46:55 UTC +00:00], ["description", nil], ["rating", "R"], ["release_date", Fri, 26 Oct 1984 00:00:00 UTC +00:00], ["title", "The Terminator"], ["updated_at", Wed, 31 Jul 2013 05:46:55 UTC +00:00]]
  [1m[35mSQL (0.3ms)[0m  INSERT INTO "movies" ("created_at", "description", "rating", "release_date", "title", "updated_at") VALUES (?, ?, ?, ?, ?, ?)  [["created_at", Wed, 31 Jul 2013 05:46:55 UTC +00:00], ["description", nil], ["rating", "R"], ["release_date", Fri, 21 Jul 1989 00:00:00 UTC +00:00], ["title", "When Harry Met Sally"], ["updated_at", Wed, 31 Jul 2013 05:46:55 UTC +00:00]]
  [1m[36mSQL (0.2ms)[0m  [1mINSERT INTO "movies" ("created_at", "description", "rating", "release_date", "title", "updated_at") VALUES (?, ?, ?, ?, ?, ?)[0m  [["created_at", Wed, 31 Jul 2013 05:46:55 UTC +00:00], ["description", nil], ["rating", "PG-13"], ["release_date", Wed, 10 Aug 2011 00:00:00 UTC +00:00], ["title", "The Help"], ["updated_at", Wed, 31 Jul 2013 05:46:55 UTC +00:00]]
  [1m[35mSQL (0.3ms)[0m  INSERT INTO "movies" ("created_at", "description", "rating", "release_date", "title", "updated_at") VALUES (?, ?, ?, ?, ?, ?)  [["created_at", Wed, 31 Jul 2013 05:46:55 UTC +00:00], ["description", nil], ["rating", "PG-13"], ["release_date", Fri, 05 Jan 2001 00:00:00 UTC +00:00], ["title", "Chocolat"], ["updated_at", Wed, 31 Jul 2013 05:46:55 UTC +00:00]]
  [1m[36mSQL (0.3ms)[0m  [1mINSERT INTO "movies" ("created_at", "description", "rating", "release_date", "title", "updated_at") VALUES (?, ?, ?, ?, ?, ?)[0m  [["created_at", Wed, 31 Jul 2013 05:46:55 UTC +00:00], ["description", nil], ["rating", "R"], ["release_date", Wed, 25 Apr 2001 00:00:00 UTC +00:00], ["title", "Amelie"], ["updated_at", Wed, 31 Jul 2013 05:46:55 UTC +00:00]]
  [1m[35mSQL (0.2ms)[0m  INSERT INTO "movies" ("created_at", "description", "rating", "release_date", "title", "updated_at") VALUES (?, ?, ?, ?, ?, ?)  [["created_at", Wed, 31 Jul 2013 05:46:55 UTC +00:00], ["description", nil], ["rating", "G"], ["release_date", Sat, 06 Apr 1968 00:00:00 UTC +00:00], ["title", "2001: A Space Odyssey"], ["updated_at", Wed, 31 Jul 2013 05:46:55 UTC +00:00]]
  [1m[36mSQL (0.2ms)[0m  [1mINSERT INTO "movies" ("created_at", "description", "rating", "release_date", "title", "updated_at") VALUES (?, ?, ?, ?, ?, ?)[0m  [["created_at", Wed, 31 Jul 2013 05:46:55 UTC +00:00], ["description", nil], ["rating", "PG"], ["release_date", Fri, 05 Nov 2004 00:00:00 UTC +00:00], ["title", "The Incredibles"], ["updated_at", Wed, 31 Jul 2013 05:46:55 UTC +00:00]]
  [1m[35mSQL (0.3ms)[0m  INSERT INTO "movies" ("created_at", "description", "rating", "release_date", "title", "updated_at") VALUES (?, ?, ?, ?, ?, ?)  [["created_at", Wed, 31 Jul 2013 05:46:55 UTC +00:00], ["description", nil], ["rating", "PG"], ["release_date", Fri, 12 Jun 1981 00:00:00 UTC +00:00], ["title", "Raiders of the Lost Ark"], ["updated_at", Wed, 31 Jul 2013 05:46:55 UTC +00:00]]
  [1m[36mSQL (0.3ms)[0m  [1mINSERT INTO "movies" ("created_at", "description", "rating", "release_date", "title", "updated_at") VALUES (?, ?, ?, ?, ?, ?)[0m  [["created_at", Wed, 31 Jul 2013 05:46:55 UTC +00:00], ["description", nil], ["rating", "G"], ["release_date", Wed, 21 Jun 2000 00:00:00 UTC +00:00], ["title", "Chicken Run"], ["updated_at", Wed, 31 Jul 2013 05:46:55 UTC +00:00]]
  [1m[36m (0.1ms)[0m  [1mSELECT "schema_migrations"."version" FROM "schema_migrations" [0m
Migrating to CreateMovies (20111119180638)
  [1m[35m (0.2ms)[0m  select sqlite_version(*)
  [1m[36m (0.0ms)[0m  [1mSELECT "schema_migrations"."version" FROM "schema_migrations" [0m
  [1m[35m (0.0ms)[0m  PRAGMA index_list("movies")
  [1m[36m (0.1ms)[0m  [1mSELECT "schema_migrations"."version" FROM "schema_migrations" [0m
  [1m[35mSQL (8.6ms)[0m  INSERT INTO "movies" ("created_at", "description", "rating", "release_date", "title", "updated_at") VALUES (?, ?, ?, ?, ?, ?)  [["created_at", Wed, 31 Jul 2013 15:43:22 UTC +00:00], ["description", nil], ["rating", "G"], ["release_date", Wed, 25 Nov 1992 00:00:00 UTC +00:00], ["title", "Aladdin"], ["updated_at", Wed, 31 Jul 2013 15:43:22 UTC +00:00]]
  [1m[36mSQL (0.3ms)[0m  [1mINSERT INTO "movies" ("created_at", "description", "rating", "release_date", "title", "updated_at") VALUES (?, ?, ?, ?, ?, ?)[0m  [["created_at", Wed, 31 Jul 2013 15:43:22 UTC +00:00], ["description", nil], ["rating", "R"], ["release_date", Fri, 26 Oct 1984 00:00:00 UTC +00:00], ["title", "The Terminator"], ["updated_at", Wed, 31 Jul 2013 15:43:22 UTC +00:00]]
  [1m[35mSQL (0.3ms)[0m  INSERT INTO "movies" ("created_at", "description", "rating", "release_date", "title", "updated_at") VALUES (?, ?, ?, ?, ?, ?)  [["created_at", Wed, 31 Jul 2013 15:43:22 UTC +00:00], ["description", nil], ["rating", "R"], ["release_date", Fri, 21 Jul 1989 00:00:00 UTC +00:00], ["title", "When Harry Met Sally"], ["updated_at", Wed, 31 Jul 2013 15:43:22 UTC +00:00]]
  [1m[36mSQL (0.1ms)[0m  [1mINSERT INTO "movies" ("created_at", "description", "rating", "release_date", "title", "updated_at") VALUES (?, ?, ?, ?, ?, ?)[0m  [["created_at", Wed, 31 Jul 2013 15:43:22 UTC +00:00], ["description", nil], ["rating", "PG-13"], ["release_date", Wed, 10 Aug 2011 00:00:00 UTC +00:00], ["title", "The Help"], ["updated_at", Wed, 31 Jul 2013 15:43:22 UTC +00:00]]
  [1m[35mSQL (0.3ms)[0m  INSERT INTO "movies" ("created_at", "description", "rating", "release_date", "title", "updated_at") VALUES (?, ?, ?, ?, ?, ?)  [["created_at", Wed, 31 Jul 2013 15:43:22 UTC +00:00], ["description", nil], ["rating", "PG-13"], ["release_date", Fri, 05 Jan 2001 00:00:00 UTC +00:00], ["title", "Chocolat"], ["updated_at", Wed, 31 Jul 2013 15:43:22 UTC +00:00]]
  [1m[36mSQL (0.3ms)[0m  [1mINSERT INTO "movies" ("created_at", "description", "rating", "release_date", "title", "updated_at") VALUES (?, ?, ?, ?, ?, ?)[0m  [["created_at", Wed, 31 Jul 2013 15:43:22 UTC +00:00], ["description", nil], ["rating", "R"], ["release_date", Wed, 25 Apr 2001 00:00:00 UTC +00:00], ["title", "Amelie"], ["updated_at", Wed, 31 Jul 2013 15:43:22 UTC +00:00]]
  [1m[35mSQL (0.2ms)[0m  INSERT INTO "movies" ("created_at", "description", "rating", "release_date", "title", "updated_at") VALUES (?, ?, ?, ?, ?, ?)  [["created_at", Wed, 31 Jul 2013 15:43:22 UTC +00:00], ["description", nil], ["rating", "G"], ["release_date", Sat, 06 Apr 1968 00:00:00 UTC +00:00], ["title", "2001: A Space Odyssey"], ["updated_at", Wed, 31 Jul 2013 15:43:22 UTC +00:00]]
  [1m[36mSQL (1.2ms)[0m  [1mINSERT INTO "movies" ("created_at", "description", "rating", "release_date", "title", "updated_at") VALUES (?, ?, ?, ?, ?, ?)[0m  [["created_at", Wed, 31 Jul 2013 15:43:22 UTC +00:00], ["description", nil], ["rating", "PG"], ["release_date", Fri, 05 Nov 2004 00:00:00 UTC +00:00], ["title", "The Incredibles"], ["updated_at", Wed, 31 Jul 2013 15:43:22 UTC +00:00]]
  [1m[35mSQL (1.0ms)[0m  INSERT INTO "movies" ("created_at", "description", "rating", "release_date", "title", "updated_at") VALUES (?, ?, ?, ?, ?, ?)  [["created_at", Wed, 31 Jul 2013 15:43:22 UTC +00:00], ["description", nil], ["rating", "PG"], ["release_date", Fri, 12 Jun 1981 00:00:00 UTC +00:00], ["title", "Raiders of the Lost Ark"], ["updated_at", Wed, 31 Jul 2013 15:43:22 UTC +00:00]]
  [1m[36mSQL (0.3ms)[0m  [1mINSERT INTO "movies" ("created_at", "description", "rating", "release_date", "title", "updated_at") VALUES (?, ?, ?, ?, ?, ?)[0m  [["created_at", Wed, 31 Jul 2013 15:43:22 UTC +00:00], ["description", nil], ["rating", "G"], ["release_date", Wed, 21 Jun 2000 00:00:00 UTC +00:00], ["title", "Chicken Run"], ["updated_at", Wed, 31 Jul 2013 15:43:22 UTC +00:00]]
  [1m[36m (0.1ms)[0m  [1mSELECT "schema_migrations"."version" FROM "schema_migrations" [0m
Migrating to CreateMovies (20111119180638)
  [1m[35m (0.2ms)[0m  select sqlite_version(*)
  [1m[36m (0.0ms)[0m  [1mSELECT "schema_migrations"."version" FROM "schema_migrations" [0m
  [1m[35m (0.0ms)[0m  PRAGMA index_list("movies")


Started GET "/assets/rails.png" for 127.0.0.1 at 2013-07-31 15:59:03 -0700
Served asset /rails.png - 200 OK (3ms)


Started GET "/movies" for 127.0.0.1 at 2013-07-31 15:59:06 -0700
  Processing by MoviesController#index as HTML
  [1m[36mMovie Load (0.3ms)[0m  [1mSELECT "movies".* FROM "movies" ORDER BY title[0m
Rendered movies/index.html.haml within layouts/application (15.9ms)
Compiled application.css  (0ms)  (pid 4239)
Compiled application.js  (2ms)  (pid 4239)
Compiled jquery.js  (3ms)  (pid 4239)
Compiled jquery_ujs.js  (0ms)  (pid 4239)
Completed 200 OK in 96ms (Views: 94.7ms | ActiveRecord: 0.4ms)


Started GET "/assets/application.css?body=1" for 127.0.0.1 at 2013-07-31 15:59:06 -0700
Served asset /application.css - 200 OK (7ms)


Started GET "/assets/jquery_ujs.js?body=1" for 127.0.0.1 at 2013-07-31 15:59:06 -0700
Served asset /jquery_ujs.js - 200 OK (6ms)


Started GET "/assets/jquery.js?body=1" for 127.0.0.1 at 2013-07-31 15:59:06 -0700
Served asset /jquery.js - 200 OK (7ms)


Started GET "/assets/application.js?body=1" for 127.0.0.1 at 2013-07-31 15:59:06 -0700
Served asset /application.js - 200 OK (13ms)


Started GET "/movies?sort_param=title" for 127.0.0.1 at 2013-07-31 15:59:28 -0700
  Processing by MoviesController#index as HTML
  Parameters: {"sort_param"=>"title"}
  [1m[35mMovie Load (0.2ms)[0m  SELECT "movies".* FROM "movies" ORDER BY title
Rendered movies/index.html.haml within layouts/application (9.6ms)
Completed 200 OK in 18ms (Views: 16.0ms | ActiveRecord: 0.4ms)


Started GET "/assets/application.css?body=1" for 127.0.0.1 at 2013-07-31 15:59:28 -0700
Served asset /application.css - 304 Not Modified (0ms)


Started GET "/assets/application.js?body=1" for 127.0.0.1 at 2013-07-31 15:59:28 -0700
Served asset /application.js - 304 Not Modified (0ms)


Started GET "/assets/jquery_ujs.js?body=1" for 127.0.0.1 at 2013-07-31 15:59:28 -0700
Served asset /jquery_ujs.js - 304 Not Modified (0ms)


Started GET "/assets/jquery.js?body=1" for 127.0.0.1 at 2013-07-31 15:59:28 -0700
Served asset /jquery.js - 304 Not Modified (0ms)


Started GET "/movies?sort_param=title" for 127.0.0.1 at 2013-07-31 15:59:29 -0700
  Processing by MoviesController#index as HTML
  Parameters: {"sort_param"=>"title"}
  [1m[36mMovie Load (0.9ms)[0m  [1mSELECT "movies".* FROM "movies" ORDER BY title[0m
Rendered movies/index.html.haml within layouts/application (11.4ms)
Completed 200 OK in 42ms (Views: 39.6ms | ActiveRecord: 1.1ms)


Started GET "/assets/application.css?body=1" for 127.0.0.1 at 2013-07-31 15:59:29 -0700
Served asset /application.css - 304 Not Modified (0ms)


Started GET "/assets/jquery.js?body=1" for 127.0.0.1 at 2013-07-31 15:59:29 -0700
Served asset /jquery.js - 304 Not Modified (0ms)


Started GET "/assets/jquery_ujs.js?body=1" for 127.0.0.1 at 2013-07-31 15:59:29 -0700
Served asset /jquery_ujs.js - 304 Not Modified (0ms)


Started GET "/assets/application.js?body=1" for 127.0.0.1 at 2013-07-31 15:59:29 -0700
Served asset /application.js - 304 Not Modified (0ms)


Started GET "/movies?sort_param=title" for 127.0.0.1 at 2013-07-31 15:59:30 -0700
  Processing by MoviesController#index as HTML
  Parameters: {"sort_param"=>"title"}
  [1m[35mMovie Load (0.2ms)[0m  SELECT "movies".* FROM "movies" ORDER BY title
Rendered movies/index.html.haml within layouts/application (10.7ms)
Completed 200 OK in 17ms (Views: 15.6ms | ActiveRecord: 0.4ms)


Started GET "/assets/application.css?body=1" for 127.0.0.1 at 2013-07-31 15:59:30 -0700
Served asset /application.css - 304 Not Modified (0ms)


Started GET "/assets/jquery.js?body=1" for 127.0.0.1 at 2013-07-31 15:59:30 -0700
Served asset /jquery.js - 304 Not Modified (0ms)


Started GET "/assets/jquery_ujs.js?body=1" for 127.0.0.1 at 2013-07-31 15:59:30 -0700
Served asset /jquery_ujs.js - 304 Not Modified (0ms)


Started GET "/assets/application.js?body=1" for 127.0.0.1 at 2013-07-31 15:59:30 -0700
Served asset /application.js - 304 Not Modified (1ms)


Started GET "/movies?sort_param=title" for 127.0.0.1 at 2013-07-31 16:00:30 -0700
  Processing by MoviesController#index as HTML
  Parameters: {"sort_param"=>"title"}
  [1m[36mMovie Load (0.4ms)[0m  [1mSELECT "movies".* FROM "movies" ORDER BY title[0m
Rendered movies/index.html.haml within layouts/application (43.6ms)
Completed 200 OK in 49ms (Views: 48.0ms | ActiveRecord: 0.8ms)


Started GET "/assets/application.css?body=1" for 127.0.0.1 at 2013-07-31 16:00:30 -0700
Served asset /application.css - 304 Not Modified (0ms)


Started GET "/assets/jquery.js?body=1" for 127.0.0.1 at 2013-07-31 16:00:30 -0700
Served asset /jquery.js - 304 Not Modified (0ms)


Started GET "/assets/jquery_ujs.js?body=1" for 127.0.0.1 at 2013-07-31 16:00:30 -0700
Served asset /jquery_ujs.js - 304 Not Modified (0ms)


Started GET "/assets/application.js?body=1" for 127.0.0.1 at 2013-07-31 16:00:30 -0700
Served asset /application.js - 304 Not Modified (0ms)


Started GET "/movies" for 127.0.0.1 at 2013-07-31 16:00:34 -0700
  Processing by MoviesController#index as HTML
  [1m[35mMovie Load (0.1ms)[0m  SELECT "movies".* FROM "movies" 
Rendered movies/index.html.haml within layouts/application (23.7ms)
Completed 200 OK in 29ms (Views: 28.3ms | ActiveRecord: 0.4ms)


Started GET "/assets/application.css?body=1" for 127.0.0.1 at 2013-07-31 16:00:34 -0700
Served asset /application.css - 304 Not Modified (0ms)


Started GET "/assets/jquery_ujs.js?body=1" for 127.0.0.1 at 2013-07-31 16:00:34 -0700
Served asset /jquery_ujs.js - 304 Not Modified (0ms)


Started GET "/assets/application.js?body=1" for 127.0.0.1 at 2013-07-31 16:00:34 -0700
Served asset /application.js - 304 Not Modified (0ms)


Started GET "/assets/jquery.js?body=1" for 127.0.0.1 at 2013-07-31 16:00:34 -0700
Served asset /jquery.js - 304 Not Modified (0ms)


Started GET "/movies?sort_param=title" for 127.0.0.1 at 2013-07-31 16:00:36 -0700
  Processing by MoviesController#index as HTML
  Parameters: {"sort_param"=>"title"}
  [1m[36mMovie Load (0.2ms)[0m  [1mSELECT "movies".* FROM "movies" ORDER BY title[0m
Rendered movies/index.html.haml within layouts/application (17.9ms)
Completed 200 OK in 24ms (Views: 23.2ms | ActiveRecord: 0.5ms)


Started GET "/assets/application.css?body=1" for 127.0.0.1 at 2013-07-31 16:00:36 -0700
Served asset /application.css - 304 Not Modified (0ms)


Started GET "/assets/jquery_ujs.js?body=1" for 127.0.0.1 at 2013-07-31 16:00:36 -0700
Served asset /jquery_ujs.js - 304 Not Modified (0ms)


Started GET "/assets/application.js?body=1" for 127.0.0.1 at 2013-07-31 16:00:36 -0700
Served asset /application.js - 304 Not Modified (0ms)


Started GET "/assets/jquery.js?body=1" for 127.0.0.1 at 2013-07-31 16:00:36 -0700
Served asset /jquery.js - 304 Not Modified (0ms)


Started GET "/movies?sort_param=title" for 127.0.0.1 at 2013-07-31 16:00:38 -0700
  Processing by MoviesController#index as HTML
  Parameters: {"sort_param"=>"title"}
  [1m[35mMovie Load (0.2ms)[0m  SELECT "movies".* FROM "movies" ORDER BY title
Rendered movies/index.html.haml within layouts/application (13.8ms)
Completed 200 OK in 26ms (Views: 18.1ms | ActiveRecord: 0.5ms)


Started GET "/assets/application.css?body=1" for 127.0.0.1 at 2013-07-31 16:00:38 -0700
Served asset /application.css - 304 Not Modified (0ms)


Started GET "/assets/jquery_ujs.js?body=1" for 127.0.0.1 at 2013-07-31 16:00:38 -0700
Served asset /jquery_ujs.js - 304 Not Modified (0ms)


Started GET "/assets/application.js?body=1" for 127.0.0.1 at 2013-07-31 16:00:38 -0700
Served asset /application.js - 304 Not Modified (0ms)


Started GET "/assets/jquery.js?body=1" for 127.0.0.1 at 2013-07-31 16:00:38 -0700
Served asset /jquery.js - 304 Not Modified (0ms)


Started GET "/movies?sort_param=title" for 127.0.0.1 at 2013-07-31 16:00:40 -0700
  Processing by MoviesController#index as HTML
  Parameters: {"sort_param"=>"title"}
  [1m[36mMovie Load (0.2ms)[0m  [1mSELECT "movies".* FROM "movies" ORDER BY title[0m
Rendered movies/index.html.haml within layouts/application (11.0ms)
Completed 200 OK in 16ms (Views: 15.2ms | ActiveRecord: 0.4ms)


Started GET "/assets/application.css?body=1" for 127.0.0.1 at 2013-07-31 16:00:40 -0700
Served asset /application.css - 304 Not Modified (0ms)


Started GET "/assets/jquery_ujs.js?body=1" for 127.0.0.1 at 2013-07-31 16:00:40 -0700
Served asset /jquery_ujs.js - 304 Not Modified (0ms)


Started GET "/assets/jquery.js?body=1" for 127.0.0.1 at 2013-07-31 16:00:40 -0700
Served asset /jquery.js - 304 Not Modified (0ms)


Started GET "/assets/application.js?body=1" for 127.0.0.1 at 2013-07-31 16:00:40 -0700
Served asset /application.js - 304 Not Modified (0ms)


Started GET "/movies?sort_param=title" for 127.0.0.1 at 2013-07-31 16:00:42 -0700
  Processing by MoviesController#index as HTML
  Parameters: {"sort_param"=>"title"}
  [1m[35mMovie Load (0.2ms)[0m  SELECT "movies".* FROM "movies" ORDER BY title
Rendered movies/index.html.haml within layouts/application (40.6ms)
Completed 200 OK in 46ms (Views: 44.9ms | ActiveRecord: 0.5ms)


Started GET "/assets/application.css?body=1" for 127.0.0.1 at 2013-07-31 16:00:42 -0700
Served asset /application.css - 304 Not Modified (0ms)


Started GET "/assets/jquery.js?body=1" for 127.0.0.1 at 2013-07-31 16:00:42 -0700
Served asset /jquery.js - 304 Not Modified (0ms)


Started GET "/assets/jquery_ujs.js?body=1" for 127.0.0.1 at 2013-07-31 16:00:42 -0700
Served asset /jquery_ujs.js - 304 Not Modified (0ms)


Started GET "/assets/application.js?body=1" for 127.0.0.1 at 2013-07-31 16:00:42 -0700
Served asset /application.js - 304 Not Modified (0ms)


Started GET "/movies" for 127.0.0.1 at 2013-07-31 16:02:34 -0700
  Processing by MoviesController#index as HTML
  [1m[36mMovie Load (0.1ms)[0m  [1mSELECT "movies".* FROM "movies" [0m
Rendered movies/index.html.haml within layouts/application (16.2ms)
Completed 200 OK in 22ms (Views: 20.6ms | ActiveRecord: 0.4ms)


Started GET "/assets/application.css?body=1" for 127.0.0.1 at 2013-07-31 16:02:34 -0700
Served asset /application.css - 304 Not Modified (0ms)


Started GET "/assets/jquery.js?body=1" for 127.0.0.1 at 2013-07-31 16:02:34 -0700
Served asset /jquery.js - 304 Not Modified (0ms)


Started GET "/assets/jquery_ujs.js?body=1" for 127.0.0.1 at 2013-07-31 16:02:34 -0700
Served asset /jquery_ujs.js - 304 Not Modified (0ms)


Started GET "/assets/application.js?body=1" for 127.0.0.1 at 2013-07-31 16:02:35 -0700
Served asset /application.js - 304 Not Modified (0ms)


Started GET "/movies?sort_param=title" for 127.0.0.1 at 2013-07-31 16:02:36 -0700
  Processing by MoviesController#index as HTML
  Parameters: {"sort_param"=>"title"}
  [1m[35mMovie Load (0.3ms)[0m  SELECT "movies".* FROM "movies" ORDER BY title
Rendered movies/index.html.haml within layouts/application (54.2ms)
Completed 200 OK in 60ms (Views: 58.9ms | ActiveRecord: 0.6ms)


Started GET "/assets/application.css?body=1" for 127.0.0.1 at 2013-07-31 16:02:36 -0700
Served asset /application.css - 304 Not Modified (0ms)


Started GET "/assets/jquery.js?body=1" for 127.0.0.1 at 2013-07-31 16:02:36 -0700
Served asset /jquery.js - 304 Not Modified (0ms)


Started GET "/assets/application.js?body=1" for 127.0.0.1 at 2013-07-31 16:02:36 -0700
Served asset /application.js - 304 Not Modified (0ms)


Started GET "/assets/jquery_ujs.js?body=1" for 127.0.0.1 at 2013-07-31 16:02:36 -0700
Served asset /jquery_ujs.js - 304 Not Modified (0ms)


Started GET "/movies?sort_param=title" for 127.0.0.1 at 2013-07-31 16:02:38 -0700
  Processing by MoviesController#index as HTML
  Parameters: {"sort_param"=>"title"}
  [1m[36mMovie Load (0.2ms)[0m  [1mSELECT "movies".* FROM "movies" ORDER BY title[0m
Rendered movies/index.html.haml within layouts/application (11.6ms)
Completed 200 OK in 16ms (Views: 15.8ms | ActiveRecord: 0.4ms)


Started GET "/assets/application.css?body=1" for 127.0.0.1 at 2013-07-31 16:02:38 -0700
Served asset /application.css - 304 Not Modified (0ms)


Started GET "/assets/application.js?body=1" for 127.0.0.1 at 2013-07-31 16:02:38 -0700
Served asset /application.js - 304 Not Modified (0ms)


Started GET "/assets/jquery_ujs.js?body=1" for 127.0.0.1 at 2013-07-31 16:02:38 -0700
Served asset /jquery_ujs.js - 304 Not Modified (0ms)


Started GET "/assets/jquery.js?body=1" for 127.0.0.1 at 2013-07-31 16:02:38 -0700
Served asset /jquery.js - 304 Not Modified (0ms)


Started GET "/movies?sort_param=title" for 127.0.0.1 at 2013-07-31 22:00:21 -0700
  Processing by MoviesController#index as HTML
  Parameters: {"sort_param"=>"title"}
  [1m[35mMovie Load (0.2ms)[0m  SELECT "movies".* FROM "movies" ORDER BY title
Rendered movies/index.html.haml within layouts/application (36.8ms)
Completed 200 OK in 41ms (Views: 40.3ms | ActiveRecord: 0.5ms)


Started GET "/assets/application.css?body=1" for 127.0.0.1 at 2013-07-31 22:00:21 -0700
Served asset /application.css - 304 Not Modified (0ms)


Started GET "/assets/jquery.js?body=1" for 127.0.0.1 at 2013-07-31 22:00:21 -0700
Served asset /jquery.js - 304 Not Modified (0ms)


Started GET "/assets/application.js?body=1" for 127.0.0.1 at 2013-07-31 22:00:21 -0700
Served asset /application.js - 304 Not Modified (0ms)


Started GET "/assets/jquery_ujs.js?body=1" for 127.0.0.1 at 2013-07-31 22:00:21 -0700
Served asset /jquery_ujs.js - 304 Not Modified (0ms)


Started GET "/movies?sort_param=title" for 127.0.0.1 at 2013-07-31 22:00:22 -0700
  Processing by MoviesController#index as HTML
  Parameters: {"sort_param"=>"title"}
  [1m[36mMovie Load (0.2ms)[0m  [1mSELECT "movies".* FROM "movies" ORDER BY title[0m
Rendered movies/index.html.haml within layouts/application (10.9ms)
Completed 200 OK in 17ms (Views: 16.1ms | ActiveRecord: 0.4ms)


Started GET "/assets/application.css?body=1" for 127.0.0.1 at 2013-07-31 22:00:22 -0700
Served asset /application.css - 304 Not Modified (0ms)


Started GET "/assets/jquery.js?body=1" for 127.0.0.1 at 2013-07-31 22:00:22 -0700
Served asset /jquery.js - 304 Not Modified (0ms)


Started GET "/assets/jquery_ujs.js?body=1" for 127.0.0.1 at 2013-07-31 22:00:22 -0700
Served asset /jquery_ujs.js - 304 Not Modified (0ms)


Started GET "/assets/application.js?body=1" for 127.0.0.1 at 2013-07-31 22:00:22 -0700
Served asset /application.js - 304 Not Modified (0ms)


Started GET "/movies" for 127.0.0.1 at 2013-07-31 22:04:39 -0700
  Processing by MoviesController#index as HTML
  [1m[35mMovie Load (0.2ms)[0m  SELECT "movies".* FROM "movies" 
Rendered movies/index.html.haml within layouts/application (13.6ms)
Completed 200 OK in 18ms (Views: 17.3ms | ActiveRecord: 0.4ms)


Started GET "/assets/application.css?body=1" for 127.0.0.1 at 2013-07-31 22:04:39 -0700
Served asset /application.css - 304 Not Modified (0ms)


Started GET "/assets/jquery_ujs.js?body=1" for 127.0.0.1 at 2013-07-31 22:04:39 -0700
Served asset /jquery_ujs.js - 304 Not Modified (0ms)


Started GET "/assets/application.js?body=1" for 127.0.0.1 at 2013-07-31 22:04:39 -0700
Served asset /application.js - 304 Not Modified (0ms)


Started GET "/assets/jquery.js?body=1" for 127.0.0.1 at 2013-07-31 22:04:39 -0700
Served asset /jquery.js - 304 Not Modified (0ms)


Started GET "/movies?sort_param=title" for 127.0.0.1 at 2013-07-31 22:04:45 -0700
  Processing by MoviesController#index as HTML
  Parameters: {"sort_param"=>"title"}
  [1m[36mMovie Load (0.2ms)[0m  [1mSELECT "movies".* FROM "movies" ORDER BY title[0m
Rendered movies/index.html.haml within layouts/application (11.2ms)
Completed 200 OK in 15ms (Views: 14.6ms | ActiveRecord: 0.4ms)


Started GET "/assets/application.css?body=1" for 127.0.0.1 at 2013-07-31 22:04:45 -0700
Served asset /application.css - 304 Not Modified (0ms)


Started GET "/assets/jquery.js?body=1" for 127.0.0.1 at 2013-07-31 22:04:45 -0700
Served asset /jquery.js - 304 Not Modified (0ms)


Started GET "/assets/jquery_ujs.js?body=1" for 127.0.0.1 at 2013-07-31 22:04:45 -0700
Served asset /jquery_ujs.js - 304 Not Modified (0ms)


Started GET "/assets/application.js?body=1" for 127.0.0.1 at 2013-07-31 22:04:45 -0700
Served asset /application.js - 304 Not Modified (0ms)


Started GET "/movies?sort_param=release_date" for 127.0.0.1 at 2013-07-31 22:04:51 -0700
  Processing by MoviesController#index as HTML
  Parameters: {"sort_param"=>"release_date"}
  [1m[35mMovie Load (0.3ms)[0m  SELECT "movies".* FROM "movies" ORDER BY release_date
Rendered movies/index.html.haml within layouts/application (11.3ms)
Completed 200 OK in 16ms (Views: 14.9ms | ActiveRecord: 0.6ms)


Started GET "/assets/application.css?body=1" for 127.0.0.1 at 2013-07-31 22:04:51 -0700
Served asset /application.css - 304 Not Modified (0ms)


Started GET "/assets/jquery.js?body=1" for 127.0.0.1 at 2013-07-31 22:04:51 -0700
Served asset /jquery.js - 304 Not Modified (0ms)


Started GET "/assets/jquery_ujs.js?body=1" for 127.0.0.1 at 2013-07-31 22:04:51 -0700
Served asset /jquery_ujs.js - 304 Not Modified (0ms)


Started GET "/assets/application.js?body=1" for 127.0.0.1 at 2013-07-31 22:04:51 -0700
Served asset /application.js - 304 Not Modified (0ms)


Started GET "/movies?sort_param=title" for 127.0.0.1 at 2013-07-31 22:05:00 -0700
  Processing by MoviesController#index as HTML
  Parameters: {"sort_param"=>"title"}
  [1m[36mMovie Load (0.2ms)[0m  [1mSELECT "movies".* FROM "movies" ORDER BY title[0m
Rendered movies/index.html.haml within layouts/application (13.0ms)
Completed 200 OK in 17ms (Views: 16.2ms | ActiveRecord: 0.4ms)


Started GET "/assets/application.css?body=1" for 127.0.0.1 at 2013-07-31 22:05:00 -0700
Served asset /application.css - 304 Not Modified (0ms)


Started GET "/assets/jquery.js?body=1" for 127.0.0.1 at 2013-07-31 22:05:00 -0700
Served asset /jquery.js - 304 Not Modified (0ms)


Started GET "/assets/jquery_ujs.js?body=1" for 127.0.0.1 at 2013-07-31 22:05:00 -0700
Served asset /jquery_ujs.js - 304 Not Modified (0ms)


Started GET "/assets/application.js?body=1" for 127.0.0.1 at 2013-07-31 22:05:00 -0700
Served asset /application.js - 304 Not Modified (0ms)


Started GET "/movies?sort_param=release_date" for 127.0.0.1 at 2013-07-31 22:05:01 -0700
  Processing by MoviesController#index as HTML
  Parameters: {"sort_param"=>"release_date"}
  [1m[35mMovie Load (0.2ms)[0m  SELECT "movies".* FROM "movies" ORDER BY release_date
Rendered movies/index.html.haml within layouts/application (12.3ms)
Completed 200 OK in 17ms (Views: 15.7ms | ActiveRecord: 0.4ms)


Started GET "/assets/application.css?body=1" for 127.0.0.1 at 2013-07-31 22:05:01 -0700
Served asset /application.css - 304 Not Modified (0ms)


Started GET "/assets/jquery_ujs.js?body=1" for 127.0.0.1 at 2013-07-31 22:05:01 -0700
Served asset /jquery_ujs.js - 304 Not Modified (0ms)


Started GET "/assets/application.js?body=1" for 127.0.0.1 at 2013-07-31 22:05:01 -0700
Served asset /application.js - 304 Not Modified (0ms)


Started GET "/assets/jquery.js?body=1" for 127.0.0.1 at 2013-07-31 22:05:01 -0700
Served asset /jquery.js - 304 Not Modified (0ms)


Started GET "/movies?sort_param=release_date" for 127.0.0.1 at 2013-07-31 22:18:28 -0700
  Processing by MoviesController#index as HTML
  Parameters: {"sort_param"=>"release_date"}
  [1m[36mMovie Load (0.2ms)[0m  [1mSELECT "movies".* FROM "movies" ORDER BY release_date[0m
Rendered movies/index.html.haml within layouts/application (36.6ms)
Completed 200 OK in 41ms (Views: 40.2ms | ActiveRecord: 0.4ms)


Started GET "/assets/application.css?body=1" for 127.0.0.1 at 2013-07-31 22:18:28 -0700
Served asset /application.css - 304 Not Modified (0ms)


Started GET "/assets/jquery.js?body=1" for 127.0.0.1 at 2013-07-31 22:18:28 -0700
Served asset /jquery.js - 304 Not Modified (0ms)


Started GET "/assets/application.js?body=1" for 127.0.0.1 at 2013-07-31 22:18:28 -0700
Served asset /application.js - 304 Not Modified (0ms)


Started GET "/assets/jquery_ujs.js?body=1" for 127.0.0.1 at 2013-07-31 22:18:28 -0700
Served asset /jquery_ujs.js - 304 Not Modified (0ms)


Started GET "/movies?sort_param=title" for 127.0.0.1 at 2013-07-31 22:18:30 -0700
  Processing by MoviesController#index as HTML
  Parameters: {"sort_param"=>"title"}
  [1m[35mMovie Load (0.2ms)[0m  SELECT "movies".* FROM "movies" ORDER BY title
Rendered movies/index.html.haml within layouts/application (12.5ms)
Completed 200 OK in 17ms (Views: 16.6ms | ActiveRecord: 0.4ms)


Started GET "/assets/application.css?body=1" for 127.0.0.1 at 2013-07-31 22:18:30 -0700
Served asset /application.css - 304 Not Modified (0ms)


Started GET "/assets/jquery.js?body=1" for 127.0.0.1 at 2013-07-31 22:18:30 -0700
Served asset /jquery.js - 304 Not Modified (0ms)


Started GET "/assets/application.js?body=1" for 127.0.0.1 at 2013-07-31 22:18:30 -0700
Served asset /application.js - 304 Not Modified (0ms)


Started GET "/assets/jquery_ujs.js?body=1" for 127.0.0.1 at 2013-07-31 22:18:30 -0700
Served asset /jquery_ujs.js - 304 Not Modified (0ms)


Started GET "/movies?sort_param=title" for 127.0.0.1 at 2013-07-31 22:18:31 -0700
  Processing by MoviesController#index as HTML
  Parameters: {"sort_param"=>"title"}
  [1m[36mMovie Load (0.2ms)[0m  [1mSELECT "movies".* FROM "movies" ORDER BY title[0m
Rendered movies/index.html.haml within layouts/application (12.2ms)
Completed 200 OK in 17ms (Views: 16.2ms | ActiveRecord: 0.5ms)


Started GET "/assets/application.css?body=1" for 127.0.0.1 at 2013-07-31 22:18:31 -0700
Served asset /application.css - 304 Not Modified (0ms)


Started GET "/assets/jquery.js?body=1" for 127.0.0.1 at 2013-07-31 22:18:31 -0700
Served asset /jquery.js - 304 Not Modified (0ms)


Started GET "/assets/jquery_ujs.js?body=1" for 127.0.0.1 at 2013-07-31 22:18:31 -0700
Served asset /jquery_ujs.js - 304 Not Modified (0ms)


Started GET "/assets/application.js?body=1" for 127.0.0.1 at 2013-07-31 22:18:31 -0700
Served asset /application.js - 304 Not Modified (0ms)


Started GET "/movies?sort_param=release_date" for 127.0.0.1 at 2013-07-31 22:18:32 -0700
  Processing by MoviesController#index as HTML
  Parameters: {"sort_param"=>"release_date"}
  [1m[35mMovie Load (0.2ms)[0m  SELECT "movies".* FROM "movies" ORDER BY release_date
Rendered movies/index.html.haml within layouts/application (11.4ms)
Completed 200 OK in 17ms (Views: 16.1ms | ActiveRecord: 0.4ms)


Started GET "/assets/application.css?body=1" for 127.0.0.1 at 2013-07-31 22:18:32 -0700
Served asset /application.css - 304 Not Modified (0ms)


Started GET "/assets/jquery_ujs.js?body=1" for 127.0.0.1 at 2013-07-31 22:18:32 -0700
Served asset /jquery_ujs.js - 304 Not Modified (0ms)


Started GET "/assets/jquery.js?body=1" for 127.0.0.1 at 2013-07-31 22:18:32 -0700
Served asset /jquery.js - 304 Not Modified (0ms)


Started GET "/assets/application.js?body=1" for 127.0.0.1 at 2013-07-31 22:18:32 -0700
Served asset /application.js - 304 Not Modified (0ms)


Started GET "/movies?sort_param=release_date" for 127.0.0.1 at 2013-07-31 22:51:59 -0700
  Processing by MoviesController#index as HTML
  Parameters: {"sort_param"=>"release_date"}
ERROR: compiling _app_views_movies_index_html_haml__833570692__648755488 RAISED /home/ubuntu/Documents/hw2_rottenpotatoes/app/views/movies/index.html.haml:7: syntax error, unexpected tLABEL
...ass => ('hilite' if sort_param: 'title'))}>\n        #{_haml...
...                               ^
Function body:           def _app_views_movies_index_html_haml__833570692__648755488(local_assigns, output_buffer)
            _old_virtual_path, @virtual_path = @virtual_path, "movies/index";_old_output_buffer = @output_buffer;;begin;extend Haml::Helpers;_hamlout = @haml_buffer = Haml::Buffer.new(@haml_buffer, {:autoclose=>["meta", "img", "link", "br", "hr", "input", "area", "param", "col", "base"], :preserve=>["textarea", "pre", "code"], :attr_wrapper=>"'", :ugly=>false, :format=>:html5, :encoding=>"UTF-8", :escape_html=>true, :escape_attrs=>true});_erbout = _hamlout.buffer;__in_erb_template = true;;_hamlout.push_text("<h1>All Movies</h1>\n<table id='movies'>\n  <thead>\n    <tr>\n      <th#{_hamlout.adjust_tabs(3); 





_hamlout.attributes({}, nil, :class => ('hilite' if sort_param: 'title'))}>\n        #{_hamlout.adjust_tabs(1); 
_hamlout.format_script_false_false_false_true_false_true_false(( link_to "Movie Title", movies_path(sort_param: 'title'), id: "title"
));}\n      </th>\n      <th>Rating</th>\n      <th>#{
_hamlout.format_script_false_true_false_true_false_true_false((link_to "Release Date", movies_path(sort_param: 'release_date'), id: "release_date_header"
));}</th>\n      <th>More Info</th>\n    </tr>\n  </thead>\n  <tbody>\n", -1, false);

 @movies.each do |movie|
_hamlout.push_text("    <tr>\n      <td>#{_hamlout.adjust_tabs(2); 
_hamlout.format_script_false_true_false_true_false_true_false((movie.title
));}</td>\n      <td>#{_hamlout.adjust_tabs(1); _hamlout.format_script_false_true_false_true_false_true_false((movie.rating
));}</td>\n      <td>#{_hamlout.adjust_tabs(1); _hamlout.format_script_false_true_false_true_false_true_false((movie.release_date
));}</td>\n      <td>#{_hamlout.adjust_tabs(1); _hamlout.format_script_false_true_false_true_false_true_false((link_to "More about #{movie.title}", movie_path(movie)
));}</td>\n    </tr>\n", -1, false);end
_hamlout.push_text("  </tbody>\n</table>\n#{_hamlout.adjust_tabs(-2); _hamlout.format_script_false_false_false_true_false_true_false(( link_to 'Add new movie', new_movie_path
));}\n", 0, false);::Haml::Util.html_safe(_erbout);ensure;@haml_buffer = @haml_buffer.upper if @haml_buffer;end;
          ensure
            @virtual_path, @output_buffer = _old_virtual_path, _old_output_buffer
          end
Backtrace: /usr/local/lib/ruby/gems/1.9.1/gems/actionpack-3.1.0/lib/action_view/template.rb:282:in `module_eval'
/usr/local/lib/ruby/gems/1.9.1/gems/actionpack-3.1.0/lib/action_view/template.rb:282:in `compile'
/usr/local/lib/ruby/gems/1.9.1/gems/actionpack-3.1.0/lib/action_view/template.rb:190:in `compile!'
/usr/local/lib/ruby/gems/1.9.1/gems/actionpack-3.1.0/lib/action_view/template.rb:143:in `block in render'
/usr/local/lib/ruby/gems/1.9.1/gems/activesupport-3.1.0/lib/active_support/notifications.rb:55:in `instrument'
/usr/local/lib/ruby/gems/1.9.1/gems/actionpack-3.1.0/lib/action_view/template.rb:142:in `render'
/usr/local/lib/ruby/gems/1.9.1/gems/actionpack-3.1.0/lib/action_view/renderer/template_renderer.rb:40:in `block (2 levels) in render_template'
/usr/local/lib/ruby/gems/1.9.1/gems/actionpack-3.1.0/lib/action_view/renderer/abstract_renderer.rb:33:in `block in instrument'
/usr/local/lib/ruby/gems/1.9.1/gems/activesupport-3.1.0/lib/active_support/notifications.rb:53:in `block in instrument'
/usr/local/lib/ruby/gems/1.9.1/gems/activesupport-3.1.0/lib/active_support/notifications/instrumenter.rb:21:in `instrument'
/usr/local/lib/ruby/gems/1.9.1/gems/activesupport-3.1.0/lib/active_support/notifications.rb:53:in `instrument'
/usr/local/lib/ruby/gems/1.9.1/gems/actionpack-3.1.0/lib/action_view/renderer/abstract_renderer.rb:33:in `instrument'
/usr/local/lib/ruby/gems/1.9.1/gems/actionpack-3.1.0/lib/action_view/renderer/template_renderer.rb:39:in `block in render_template'
/usr/local/lib/ruby/gems/1.9.1/gems/actionpack-3.1.0/lib/action_view/renderer/template_renderer.rb:47:in `render_with_layout'
/usr/local/lib/ruby/gems/1.9.1/gems/actionpack-3.1.0/lib/action_view/renderer/template_renderer.rb:38:in `render_template'
/usr/local/lib/ruby/gems/1.9.1/gems/actionpack-3.1.0/lib/action_view/renderer/template_renderer.rb:12:in `block in render'
/usr/local/lib/ruby/gems/1.9.1/gems/actionpack-3.1.0/lib/action_view/renderer/abstract_renderer.rb:22:in `wrap_formats'
/usr/local/lib/ruby/gems/1.9.1/gems/actionpack-3.1.0/lib/action_view/renderer/template_renderer.rb:9:in `render'
/usr/local/lib/ruby/gems/1.9.1/gems/actionpack-3.1.0/lib/action_view/renderer/renderer.rb:36:in `render_template'
/usr/local/lib/ruby/gems/1.9.1/gems/actionpack-3.1.0/lib/action_view/renderer/renderer.rb:17:in `render'
/usr/local/lib/ruby/gems/1.9.1/gems/actionpack-3.1.0/lib/abstract_controller/rendering.rb:120:in `_render_template'
/usr/local/lib/ruby/gems/1.9.1/gems/actionpack-3.1.0/lib/action_controller/metal/streaming.rb:250:in `_render_template'
/usr/local/lib/ruby/gems/1.9.1/gems/actionpack-3.1.0/lib/abstract_controller/rendering.rb:114:in `render_to_body'
/usr/local/lib/ruby/gems/1.9.1/gems/actionpack-3.1.0/lib/action_controller/metal/renderers.rb:30:in `render_to_body'
/usr/local/lib/ruby/gems/1.9.1/gems/actionpack-3.1.0/lib/action_controller/metal/compatibility.rb:43:in `render_to_body'
/usr/local/lib/ruby/gems/1.9.1/gems/actionpack-3.1.0/lib/abstract_controller/rendering.rb:99:in `render'
/usr/local/lib/ruby/gems/1.9.1/gems/actionpack-3.1.0/lib/action_controller/metal/rendering.rb:16:in `render'
/usr/local/lib/ruby/gems/1.9.1/gems/actionpack-3.1.0/lib/action_controller/metal/instrumentation.rb:40:in `block (2 levels) in render'
/usr/local/lib/ruby/gems/1.9.1/gems/activesupport-3.1.0/lib/active_support/core_ext/benchmark.rb:5:in `block in ms'
/usr/local/lib/ruby/1.9.1/benchmark.rb:310:in `realtime'
/usr/local/lib/ruby/gems/1.9.1/gems/activesupport-3.1.0/lib/active_support/core_ext/benchmark.rb:5:in `ms'
/usr/local/lib/ruby/gems/1.9.1/gems/actionpack-3.1.0/lib/action_controller/metal/instrumentation.rb:40:in `block in render'
/usr/local/lib/ruby/gems/1.9.1/gems/actionpack-3.1.0/lib/action_controller/metal/instrumentation.rb:78:in `cleanup_view_runtime'
/usr/local/lib/ruby/gems/1.9.1/gems/activerecord-3.1.0/lib/active_record/railties/controller_runtime.rb:24:in `cleanup_view_runtime'
/usr/local/lib/ruby/gems/1.9.1/gems/actionpack-3.1.0/lib/action_controller/metal/instrumentation.rb:39:in `render'
/usr/local/lib/ruby/gems/1.9.1/gems/actionpack-3.1.0/lib/action_controller/metal/implicit_render.rb:10:in `default_render'
/usr/local/lib/ruby/gems/1.9.1/gems/actionpack-3.1.0/lib/action_controller/metal/implicit_render.rb:5:in `send_action'
/usr/local/lib/ruby/gems/1.9.1/gems/actionpack-3.1.0/lib/abstract_controller/base.rb:167:in `process_action'
/usr/local/lib/ruby/gems/1.9.1/gems/actionpack-3.1.0/lib/action_controller/metal/rendering.rb:10:in `process_action'
/usr/local/lib/ruby/gems/1.9.1/gems/actionpack-3.1.0/lib/abstract_controller/callbacks.rb:18:in `block in process_action'
/usr/local/lib/ruby/gems/1.9.1/gems/activesupport-3.1.0/lib/active_support/callbacks.rb:416:in `_run__368587439__process_action__719672067__callbacks'
/usr/local/lib/ruby/gems/1.9.1/gems/activesupport-3.1.0/lib/active_support/callbacks.rb:386:in `_run_process_action_callbacks'
/usr/local/lib/ruby/gems/1.9.1/gems/activesupport-3.1.0/lib/active_support/callbacks.rb:81:in `run_callbacks'
/usr/local/lib/ruby/gems/1.9.1/gems/actionpack-3.1.0/lib/abstract_controller/callbacks.rb:17:in `process_action'
/usr/local/lib/ruby/gems/1.9.1/gems/actionpack-3.1.0/lib/action_controller/metal/rescue.rb:17:in `process_action'
/usr/local/lib/ruby/gems/1.9.1/gems/actionpack-3.1.0/lib/action_controller/metal/instrumentation.rb:30:in `block in process_action'
/usr/local/lib/ruby/gems/1.9.1/gems/activesupport-3.1.0/lib/active_support/notifications.rb:53:in `block in instrument'
/usr/local/lib/ruby/gems/1.9.1/gems/activesupport-3.1.0/lib/active_support/notifications/instrumenter.rb:21:in `instrument'
/usr/local/lib/ruby/gems/1.9.1/gems/activesupport-3.1.0/lib/active_support/notifications.rb:53:in `instrument'
/usr/local/lib/ruby/gems/1.9.1/gems/actionpack-3.1.0/lib/action_controller/metal/instrumentation.rb:29:in `process_action'
/usr/local/lib/ruby/gems/1.9.1/gems/actionpack-3.1.0/lib/action_controller/metal/params_wrapper.rb:201:in `process_action'
/usr/local/lib/ruby/gems/1.9.1/gems/activerecord-3.1.0/lib/active_record/railties/controller_runtime.rb:18:in `process_action'
/usr/local/lib/ruby/gems/1.9.1/gems/actionpack-3.1.0/lib/abstract_controller/base.rb:121:in `process'
/usr/local/lib/ruby/gems/1.9.1/gems/actionpack-3.1.0/lib/abstract_controller/rendering.rb:45:in `process'
/usr/local/lib/ruby/gems/1.9.1/gems/actionpack-3.1.0/lib/action_controller/metal.rb:193:in `dispatch'
/usr/local/lib/ruby/gems/1.9.1/gems/actionpack-3.1.0/lib/action_controller/metal/rack_delegation.rb:14:in `dispatch'
/usr/local/lib/ruby/gems/1.9.1/gems/actionpack-3.1.0/lib/action_controller/metal.rb:236:in `block in action'
/usr/local/lib/ruby/gems/1.9.1/gems/actionpack-3.1.0/lib/action_dispatch/routing/route_set.rb:65:in `call'
/usr/local/lib/ruby/gems/1.9.1/gems/actionpack-3.1.0/lib/action_dispatch/routing/route_set.rb:65:in `dispatch'
/usr/local/lib/ruby/gems/1.9.1/gems/actionpack-3.1.0/lib/action_dispatch/routing/route_set.rb:29:in `call'
/usr/local/lib/ruby/gems/1.9.1/gems/rack-mount-0.8.3/lib/rack/mount/route_set.rb:152:in `block in call'
/usr/local/lib/ruby/gems/1.9.1/gems/rack-mount-0.8.3/lib/rack/mount/code_generation.rb:96:in `block in recognize'
/usr/local/lib/ruby/gems/1.9.1/gems/rack-mount-0.8.3/lib/rack/mount/code_generation.rb:75:in `optimized_each'
/usr/local/lib/ruby/gems/1.9.1/gems/rack-mount-0.8.3/lib/rack/mount/code_generation.rb:95:in `recognize'
/usr/local/lib/ruby/gems/1.9.1/gems/rack-mount-0.8.3/lib/rack/mount/route_set.rb:141:in `call'
/usr/local/lib/ruby/gems/1.9.1/gems/actionpack-3.1.0/lib/action_dispatch/routing/route_set.rb:531:in `call'
/usr/local/lib/ruby/gems/1.9.1/gems/actionpack-3.1.0/lib/action_dispatch/middleware/best_standards_support.rb:17:in `call'
/usr/local/lib/ruby/gems/1.9.1/gems/rack-1.3.5/lib/rack/etag.rb:23:in `call'
/usr/local/lib/ruby/gems/1.9.1/gems/rack-1.3.5/lib/rack/conditionalget.rb:25:in `call'
/usr/local/lib/ruby/gems/1.9.1/gems/actionpack-3.1.0/lib/action_dispatch/middleware/head.rb:14:in `call'
/usr/local/lib/ruby/gems/1.9.1/gems/actionpack-3.1.0/lib/action_dispatch/middleware/params_parser.rb:21:in `call'
/usr/local/lib/ruby/gems/1.9.1/gems/actionpack-3.1.0/lib/action_dispatch/middleware/flash.rb:243:in `call'
/usr/local/lib/ruby/gems/1.9.1/gems/rack-1.3.5/lib/rack/session/abstract/id.rb:195:in `context'
/usr/local/lib/ruby/gems/1.9.1/gems/rack-1.3.5/lib/rack/session/abstract/id.rb:190:in `call'
/usr/local/lib/ruby/gems/1.9.1/gems/actionpack-3.1.0/lib/action_dispatch/middleware/cookies.rb:326:in `call'
/usr/local/lib/ruby/gems/1.9.1/gems/activerecord-3.1.0/lib/active_record/query_cache.rb:62:in `call'
/usr/local/lib/ruby/gems/1.9.1/gems/activerecord-3.1.0/lib/active_record/connection_adapters/abstract/connection_pool.rb:477:in `call'
/usr/local/lib/ruby/gems/1.9.1/gems/actionpack-3.1.0/lib/action_dispatch/middleware/callbacks.rb:29:in `block in call'
/usr/local/lib/ruby/gems/1.9.1/gems/activesupport-3.1.0/lib/active_support/callbacks.rb:392:in `_run_call_callbacks'
/usr/local/lib/ruby/gems/1.9.1/gems/activesupport-3.1.0/lib/active_support/callbacks.rb:81:in `run_callbacks'
/usr/local/lib/ruby/gems/1.9.1/gems/actionpack-3.1.0/lib/action_dispatch/middleware/callbacks.rb:28:in `call'
/usr/local/lib/ruby/gems/1.9.1/gems/actionpack-3.1.0/lib/action_dispatch/middleware/reloader.rb:68:in `call'
/usr/local/lib/ruby/gems/1.9.1/gems/rack-1.3.5/lib/rack/sendfile.rb:101:in `call'
/usr/local/lib/ruby/gems/1.9.1/gems/actionpack-3.1.0/lib/action_dispatch/middleware/remote_ip.rb:48:in `call'
/usr/local/lib/ruby/gems/1.9.1/gems/actionpack-3.1.0/lib/action_dispatch/middleware/show_exceptions.rb:47:in `call'
/usr/local/lib/ruby/gems/1.9.1/gems/railties-3.1.0/lib/rails/rack/logger.rb:13:in `call'
/usr/local/lib/ruby/gems/1.9.1/gems/rack-1.3.5/lib/rack/methodoverride.rb:24:in `call'
/usr/local/lib/ruby/gems/1.9.1/gems/rack-1.3.5/lib/rack/runtime.rb:17:in `call'
/usr/local/lib/ruby/gems/1.9.1/gems/activesupport-3.1.0/lib/active_support/cache/strategy/local_cache.rb:72:in `call'
/usr/local/lib/ruby/gems/1.9.1/gems/rack-1.3.5/lib/rack/lock.rb:15:in `call'
/usr/local/lib/ruby/gems/1.9.1/gems/actionpack-3.1.0/lib/action_dispatch/middleware/static.rb:53:in `call'
/usr/local/lib/ruby/gems/1.9.1/gems/railties-3.1.0/lib/rails/engine.rb:455:in `call'
/usr/local/lib/ruby/gems/1.9.1/gems/railties-3.1.0/lib/rails/rack/content_length.rb:16:in `call'
/usr/local/lib/ruby/gems/1.9.1/gems/railties-3.1.0/lib/rails/rack/log_tailer.rb:14:in `call'
/usr/local/lib/ruby/gems/1.9.1/gems/rack-1.3.5/lib/rack/handler/webrick.rb:59:in `service'
/usr/local/lib/ruby/1.9.1/webrick/httpserver.rb:111:in `service'
/usr/local/lib/ruby/1.9.1/webrick/httpserver.rb:70:in `run'
/usr/local/lib/ruby/1.9.1/webrick/server.rb:183:in `block in start_thread'
Rendered movies/index.html.haml within layouts/application (9.7ms)
Completed 500 Internal Server Error in 16ms

ActionView::Template::Error (/home/ubuntu/Documents/hw2_rottenpotatoes/app/views/movies/index.html.haml:7: syntax error, unexpected tLABEL
...ass => ('hilite' if sort_param: 'title'))}>\n        #{_haml...
...                               ^):
    4: %table#movies
    5:   %thead
    6:     %tr
    7:       %th{:class => ('hilite' if sort_param: 'title')}
    8:         = link_to "Movie Title", movies_path(sort_param: 'title'), id: "title"
    9:       %th Rating
    10:       %th= link_to "Release Date", movies_path(sort_param: 'release_date'), id: "release_date_header"
  

Rendered /usr/local/lib/ruby/gems/1.9.1/gems/actionpack-3.1.0/lib/action_dispatch/middleware/templates/rescues/_trace.erb (0.8ms)
Rendered /usr/local/lib/ruby/gems/1.9.1/gems/actionpack-3.1.0/lib/action_dispatch/middleware/templates/rescues/_request_and_response.erb (50.7ms)
Rendered /usr/local/lib/ruby/gems/1.9.1/gems/actionpack-3.1.0/lib/action_dispatch/middleware/templates/rescues/template_error.erb within rescues/layout (58.2ms)


Started GET "/movies" for 127.0.0.1 at 2013-07-31 22:52:36 -0700
  Processing by MoviesController#index as HTML
  [1m[36mMovie Load (0.1ms)[0m  [1mSELECT "movies".* FROM "movies" [0m
Rendered movies/index.html.haml within layouts/application (16.2ms)
Completed 200 OK in 21ms (Views: 20.3ms | ActiveRecord: 0.4ms)


Started GET "/assets/application.css?body=1" for 127.0.0.1 at 2013-07-31 22:52:36 -0700
Served asset /application.css - 304 Not Modified (0ms)


Started GET "/assets/jquery.js?body=1" for 127.0.0.1 at 2013-07-31 22:52:36 -0700
Served asset /jquery.js - 304 Not Modified (0ms)


Started GET "/assets/application.js?body=1" for 127.0.0.1 at 2013-07-31 22:52:36 -0700
Served asset /application.js - 304 Not Modified (0ms)


Started GET "/assets/jquery_ujs.js?body=1" for 127.0.0.1 at 2013-07-31 22:52:36 -0700
Served asset /jquery_ujs.js - 304 Not Modified (0ms)


Started GET "/movies?sort_param=title" for 127.0.0.1 at 2013-07-31 22:52:39 -0700
  Processing by MoviesController#index as HTML
  Parameters: {"sort_param"=>"title"}
  [1m[35mMovie Load (0.2ms)[0m  SELECT "movies".* FROM "movies" ORDER BY title
Rendered movies/index.html.haml within layouts/application (10.9ms)
Completed 200 OK in 16ms (Views: 14.7ms | ActiveRecord: 0.4ms)


Started GET "/assets/application.css?body=1" for 127.0.0.1 at 2013-07-31 22:52:39 -0700
Served asset /application.css - 304 Not Modified (0ms)


Started GET "/assets/jquery_ujs.js?body=1" for 127.0.0.1 at 2013-07-31 22:52:39 -0700
Served asset /jquery_ujs.js - 304 Not Modified (0ms)


Started GET "/assets/application.js?body=1" for 127.0.0.1 at 2013-07-31 22:52:39 -0700
Served asset /application.js - 304 Not Modified (0ms)


Started GET "/assets/jquery.js?body=1" for 127.0.0.1 at 2013-07-31 22:52:39 -0700
Served asset /jquery.js - 304 Not Modified (0ms)


Started GET "/movies?sort_param=release_date" for 127.0.0.1 at 2013-07-31 22:52:42 -0700
  Processing by MoviesController#index as HTML
  Parameters: {"sort_param"=>"release_date"}
  [1m[36mMovie Load (0.2ms)[0m  [1mSELECT "movies".* FROM "movies" ORDER BY release_date[0m
Rendered movies/index.html.haml within layouts/application (30.2ms)
Completed 200 OK in 35ms (Views: 34.4ms | ActiveRecord: 0.4ms)


Started GET "/assets/application.css?body=1" for 127.0.0.1 at 2013-07-31 22:52:43 -0700
Served asset /application.css - 304 Not Modified (0ms)


Started GET "/assets/jquery.js?body=1" for 127.0.0.1 at 2013-07-31 22:52:43 -0700
Served asset /jquery.js - 304 Not Modified (0ms)


Started GET "/assets/application.js?body=1" for 127.0.0.1 at 2013-07-31 22:52:43 -0700
Served asset /application.js - 304 Not Modified (0ms)


Started GET "/assets/jquery_ujs.js?body=1" for 127.0.0.1 at 2013-07-31 22:52:43 -0700
Served asset /jquery_ujs.js - 304 Not Modified (0ms)


Started GET "/movies" for 127.0.0.1 at 2013-07-31 22:55:17 -0700
  Processing by MoviesController#index as HTML
  [1m[35mMovie Load (0.1ms)[0m  SELECT "movies".* FROM "movies" 
Rendered movies/index.html.haml within layouts/application (12.8ms)
Completed 200 OK in 24ms (Views: 22.7ms | ActiveRecord: 0.4ms)


Started GET "/assets/application.css?body=1" for 127.0.0.1 at 2013-07-31 22:55:17 -0700
Served asset /application.css - 304 Not Modified (0ms)


Started GET "/assets/application.js?body=1" for 127.0.0.1 at 2013-07-31 22:55:17 -0700
Served asset /application.js - 304 Not Modified (0ms)


Started GET "/assets/jquery_ujs.js?body=1" for 127.0.0.1 at 2013-07-31 22:55:17 -0700
Served asset /jquery_ujs.js - 304 Not Modified (0ms)


Started GET "/assets/jquery.js?body=1" for 127.0.0.1 at 2013-07-31 22:55:17 -0700
Served asset /jquery.js - 304 Not Modified (0ms)


Started GET "/movies?sort=title" for 127.0.0.1 at 2013-07-31 22:55:19 -0700
  Processing by MoviesController#index as HTML
  Parameters: {"sort"=>"title"}
  [1m[36mMovie Load (0.2ms)[0m  [1mSELECT "movies".* FROM "movies" ORDER BY title[0m
Rendered movies/index.html.haml within layouts/application (37.4ms)
Completed 200 OK in 42ms (Views: 41.7ms | ActiveRecord: 0.5ms)


Started GET "/assets/application.css?body=1" for 127.0.0.1 at 2013-07-31 22:55:19 -0700
Served asset /application.css - 304 Not Modified (0ms)


Started GET "/assets/jquery.js?body=1" for 127.0.0.1 at 2013-07-31 22:55:19 -0700
Served asset /jquery.js - 304 Not Modified (0ms)


Started GET "/assets/application.js?body=1" for 127.0.0.1 at 2013-07-31 22:55:19 -0700
Served asset /application.js - 304 Not Modified (0ms)


Started GET "/assets/jquery_ujs.js?body=1" for 127.0.0.1 at 2013-07-31 22:55:19 -0700
Served asset /jquery_ujs.js - 304 Not Modified (0ms)


Started GET "/movies?sort=release_date" for 127.0.0.1 at 2013-07-31 22:55:21 -0700
  Processing by MoviesController#index as HTML
  Parameters: {"sort"=>"release_date"}
  [1m[35mMovie Load (0.2ms)[0m  SELECT "movies".* FROM "movies" ORDER BY release_date
Rendered movies/index.html.haml within layouts/application (27.8ms)
Completed 200 OK in 33ms (Views: 32.9ms | ActiveRecord: 0.4ms)


Started GET "/assets/application.css?body=1" for 127.0.0.1 at 2013-07-31 22:55:21 -0700
Served asset /application.css - 304 Not Modified (0ms)


Started GET "/assets/jquery.js?body=1" for 127.0.0.1 at 2013-07-31 22:55:21 -0700
Served asset /jquery.js - 304 Not Modified (0ms)


Started GET "/assets/jquery_ujs.js?body=1" for 127.0.0.1 at 2013-07-31 22:55:21 -0700
Served asset /jquery_ujs.js - 304 Not Modified (0ms)


Started GET "/assets/application.js?body=1" for 127.0.0.1 at 2013-07-31 22:55:21 -0700
Served asset /application.js - 304 Not Modified (0ms)


Started GET "/movies?sort=title" for 127.0.0.1 at 2013-07-31 22:55:23 -0700
  Processing by MoviesController#index as HTML
  Parameters: {"sort"=>"title"}
  [1m[36mMovie Load (0.2ms)[0m  [1mSELECT "movies".* FROM "movies" ORDER BY title[0m
Rendered movies/index.html.haml within layouts/application (40.2ms)
Completed 200 OK in 49ms (Views: 47.9ms | ActiveRecord: 0.4ms)


Started GET "/assets/application.css?body=1" for 127.0.0.1 at 2013-07-31 22:55:23 -0700
Served asset /application.css - 304 Not Modified (0ms)


Started GET "/assets/jquery.js?body=1" for 127.0.0.1 at 2013-07-31 22:55:23 -0700
Served asset /jquery.js - 304 Not Modified (0ms)


Started GET "/assets/jquery_ujs.js?body=1" for 127.0.0.1 at 2013-07-31 22:55:23 -0700
Served asset /jquery_ujs.js - 304 Not Modified (0ms)


Started GET "/assets/application.js?body=1" for 127.0.0.1 at 2013-07-31 22:55:23 -0700
Served asset /application.js - 304 Not Modified (0ms)


Started GET "/movies" for 127.0.0.1 at 2013-07-31 22:56:41 -0700
  Processing by MoviesController#index as HTML
  [1m[35mMovie Load (0.2ms)[0m  SELECT "movies".* FROM "movies" 
Rendered movies/index.html.haml within layouts/application (14.7ms)
Completed 200 OK in 23ms (Views: 21.9ms | ActiveRecord: 0.5ms)


Started GET "/assets/application.css?body=1" for 127.0.0.1 at 2013-07-31 22:56:41 -0700
Served asset /application.css - 304 Not Modified (0ms)


Started GET "/assets/jquery.js?body=1" for 127.0.0.1 at 2013-07-31 22:56:41 -0700
Served asset /jquery.js - 304 Not Modified (0ms)


Started GET "/assets/application.js?body=1" for 127.0.0.1 at 2013-07-31 22:56:41 -0700
Served asset /application.js - 304 Not Modified (0ms)


Started GET "/assets/jquery_ujs.js?body=1" for 127.0.0.1 at 2013-07-31 22:56:41 -0700
Served asset /jquery_ujs.js - 304 Not Modified (0ms)


Started GET "/movies?sort=title" for 127.0.0.1 at 2013-07-31 22:56:44 -0700
  Processing by MoviesController#index as HTML
  Parameters: {"sort"=>"title"}
  [1m[36mMovie Load (0.2ms)[0m  [1mSELECT "movies".* FROM "movies" ORDER BY title[0m
Rendered movies/index.html.haml within layouts/application (11.6ms)
Completed 200 OK in 17ms (Views: 15.7ms | ActiveRecord: 0.4ms)


Started GET "/assets/application.css?body=1" for 127.0.0.1 at 2013-07-31 22:56:44 -0700
Served asset /application.css - 304 Not Modified (0ms)


Started GET "/assets/application.js?body=1" for 127.0.0.1 at 2013-07-31 22:56:44 -0700
Served asset /application.js - 304 Not Modified (0ms)


Started GET "/assets/jquery_ujs.js?body=1" for 127.0.0.1 at 2013-07-31 22:56:44 -0700
Served asset /jquery_ujs.js - 304 Not Modified (0ms)


Started GET "/assets/jquery.js?body=1" for 127.0.0.1 at 2013-07-31 22:56:44 -0700
Served asset /jquery.js - 304 Not Modified (0ms)


Started GET "/movies?sort=release_date" for 127.0.0.1 at 2013-07-31 22:56:46 -0700
  Processing by MoviesController#index as HTML
  Parameters: {"sort"=>"release_date"}
  [1m[35mMovie Load (0.3ms)[0m  SELECT "movies".* FROM "movies" ORDER BY release_date
Rendered movies/index.html.haml within layouts/application (13.5ms)
Completed 200 OK in 19ms (Views: 18.3ms | ActiveRecord: 0.6ms)


Started GET "/assets/application.css?body=1" for 127.0.0.1 at 2013-07-31 22:56:46 -0700
Served asset /application.css - 304 Not Modified (0ms)


Started GET "/assets/jquery_ujs.js?body=1" for 127.0.0.1 at 2013-07-31 22:56:46 -0700
Served asset /jquery_ujs.js - 304 Not Modified (0ms)


Started GET "/assets/application.js?body=1" for 127.0.0.1 at 2013-07-31 22:56:46 -0700
Served asset /application.js - 304 Not Modified (0ms)


Started GET "/assets/jquery.js?body=1" for 127.0.0.1 at 2013-07-31 22:56:46 -0700
Served asset /jquery.js - 304 Not Modified (0ms)


Started GET "/movies?sort=title" for 127.0.0.1 at 2013-07-31 22:56:48 -0700
  Processing by MoviesController#index as HTML
  Parameters: {"sort"=>"title"}
  [1m[36mMovie Load (0.2ms)[0m  [1mSELECT "movies".* FROM "movies" ORDER BY title[0m
Rendered movies/index.html.haml within layouts/application (12.3ms)
Completed 200 OK in 17ms (Views: 16.5ms | ActiveRecord: 0.5ms)


Started GET "/assets/application.css?body=1" for 127.0.0.1 at 2013-07-31 22:56:48 -0700
Served asset /application.css - 304 Not Modified (0ms)


Started GET "/assets/jquery.js?body=1" for 127.0.0.1 at 2013-07-31 22:56:48 -0700
Served asset /jquery.js - 304 Not Modified (0ms)


Started GET "/assets/jquery_ujs.js?body=1" for 127.0.0.1 at 2013-07-31 22:56:48 -0700
Served asset /jquery_ujs.js - 304 Not Modified (0ms)


Started GET "/assets/application.js?body=1" for 127.0.0.1 at 2013-07-31 22:56:48 -0700
Served asset /application.js - 304 Not Modified (2ms)


Started GET "/movies?sort=release_date" for 127.0.0.1 at 2013-07-31 22:56:50 -0700
  Processing by MoviesController#index as HTML
  Parameters: {"sort"=>"release_date"}
  [1m[35mMovie Load (0.2ms)[0m  SELECT "movies".* FROM "movies" ORDER BY release_date
Rendered movies/index.html.haml within layouts/application (12.8ms)
Completed 200 OK in 40ms (Views: 38.8ms | ActiveRecord: 0.4ms)


Started GET "/assets/application.css?body=1" for 127.0.0.1 at 2013-07-31 22:56:50 -0700
Served asset /application.css - 304 Not Modified (0ms)


Started GET "/assets/jquery_ujs.js?body=1" for 127.0.0.1 at 2013-07-31 22:56:50 -0700
Served asset /jquery_ujs.js - 304 Not Modified (0ms)


Started GET "/assets/application.js?body=1" for 127.0.0.1 at 2013-07-31 22:56:50 -0700
Served asset /application.js - 304 Not Modified (0ms)


Started GET "/assets/jquery.js?body=1" for 127.0.0.1 at 2013-07-31 22:56:50 -0700
Served asset /jquery.js - 304 Not Modified (0ms)


Started GET "/movies?sort=title" for 127.0.0.1 at 2013-07-31 22:56:55 -0700
  Processing by MoviesController#index as HTML
  Parameters: {"sort"=>"title"}
  [1m[36mMovie Load (0.2ms)[0m  [1mSELECT "movies".* FROM "movies" ORDER BY title[0m
Rendered movies/index.html.haml within layouts/application (11.3ms)
Completed 200 OK in 15ms (Views: 14.7ms | ActiveRecord: 0.5ms)


Started GET "/assets/application.css?body=1" for 127.0.0.1 at 2013-07-31 22:56:55 -0700
Served asset /application.css - 304 Not Modified (0ms)


Started GET "/assets/application.js?body=1" for 127.0.0.1 at 2013-07-31 22:56:55 -0700
Served asset /application.js - 304 Not Modified (0ms)


Started GET "/assets/jquery_ujs.js?body=1" for 127.0.0.1 at 2013-07-31 22:56:55 -0700
Served asset /jquery_ujs.js - 304 Not Modified (0ms)


Started GET "/assets/jquery.js?body=1" for 127.0.0.1 at 2013-07-31 22:56:55 -0700
Served asset /jquery.js - 304 Not Modified (0ms)


Started GET "/movies?sort=release_date" for 127.0.0.1 at 2013-07-31 22:56:57 -0700
  Processing by MoviesController#index as HTML
  Parameters: {"sort"=>"release_date"}
  [1m[35mMovie Load (0.2ms)[0m  SELECT "movies".* FROM "movies" ORDER BY release_date
Rendered movies/index.html.haml within layouts/application (37.2ms)
Completed 200 OK in 46ms (Views: 40.9ms | ActiveRecord: 0.5ms)


Started GET "/assets/application.css?body=1" for 127.0.0.1 at 2013-07-31 22:56:57 -0700
Served asset /application.css - 304 Not Modified (0ms)


Started GET "/assets/application.js?body=1" for 127.0.0.1 at 2013-07-31 22:56:57 -0700
Served asset /application.js - 304 Not Modified (0ms)


Started GET "/assets/jquery_ujs.js?body=1" for 127.0.0.1 at 2013-07-31 22:56:57 -0700
Served asset /jquery_ujs.js - 304 Not Modified (0ms)


Started GET "/assets/jquery.js?body=1" for 127.0.0.1 at 2013-07-31 22:56:57 -0700
Served asset /jquery.js - 304 Not Modified (0ms)


Started GET "/movies/7" for 127.0.0.1 at 2013-07-31 22:57:00 -0700
  Processing by MoviesController#show as HTML
  Parameters: {"id"=>"7"}
  [1m[36mMovie Load (0.2ms)[0m  [1mSELECT "movies".* FROM "movies" WHERE "movies"."id" = ? LIMIT 1[0m  [["id", "7"]]
Rendered movies/show.html.haml within layouts/application (6.9ms)
Completed 200 OK in 18ms (Views: 15.4ms | ActiveRecord: 0.5ms)


Started GET "/assets/application.css?body=1" for 127.0.0.1 at 2013-07-31 22:57:00 -0700
Served asset /application.css - 304 Not Modified (0ms)


Started GET "/assets/jquery.js?body=1" for 127.0.0.1 at 2013-07-31 22:57:00 -0700
Served asset /jquery.js - 304 Not Modified (0ms)


Started GET "/assets/jquery_ujs.js?body=1" for 127.0.0.1 at 2013-07-31 22:57:00 -0700
Served asset /jquery_ujs.js - 304 Not Modified (0ms)


Started GET "/assets/application.js?body=1" for 127.0.0.1 at 2013-07-31 22:57:00 -0700
Served asset /application.js - 304 Not Modified (0ms)


Started GET "/movies?sort=title" for 127.0.0.1 at 2013-07-31 22:57:10 -0700
  Processing by MoviesController#index as HTML
  Parameters: {"sort"=>"title"}
  [1m[35mMovie Load (0.3ms)[0m  SELECT "movies".* FROM "movies" ORDER BY title
Rendered movies/index.html.haml within layouts/application (17.0ms)
Completed 200 OK in 25ms (Views: 23.6ms | ActiveRecord: 0.7ms)


Started GET "/assets/application.css?body=1" for 127.0.0.1 at 2013-07-31 22:57:10 -0700
Served asset /application.css - 304 Not Modified (10ms)


Started GET "/assets/jquery.js?body=1" for 127.0.0.1 at 2013-07-31 22:57:10 -0700
Served asset /jquery.js - 304 Not Modified (0ms)


Started GET "/assets/jquery_ujs.js?body=1" for 127.0.0.1 at 2013-07-31 22:57:10 -0700
Served asset /jquery_ujs.js - 304 Not Modified (0ms)


Started GET "/assets/application.js?body=1" for 127.0.0.1 at 2013-07-31 22:57:10 -0700
Served asset /application.js - 304 Not Modified (0ms)


Started GET "/movies?sort=release_date" for 127.0.0.1 at 2013-07-31 22:57:13 -0700
  Processing by MoviesController#index as HTML
  Parameters: {"sort"=>"release_date"}
  [1m[36mMovie Load (0.2ms)[0m  [1mSELECT "movies".* FROM "movies" ORDER BY release_date[0m
Rendered movies/index.html.haml within layouts/application (10.4ms)
Completed 200 OK in 16ms (Views: 13.7ms | ActiveRecord: 0.4ms)


Started GET "/assets/application.css?body=1" for 127.0.0.1 at 2013-07-31 22:57:13 -0700
Served asset /application.css - 304 Not Modified (0ms)


Started GET "/assets/application.js?body=1" for 127.0.0.1 at 2013-07-31 22:57:13 -0700
Served asset /application.js - 304 Not Modified (0ms)


Started GET "/assets/jquery_ujs.js?body=1" for 127.0.0.1 at 2013-07-31 22:57:13 -0700
Served asset /jquery_ujs.js - 304 Not Modified (0ms)


Started GET "/assets/jquery.js?body=1" for 127.0.0.1 at 2013-07-31 22:57:13 -0700
Served asset /jquery.js - 304 Not Modified (0ms)


Started GET "/movies" for 127.0.0.1 at 2013-08-01 00:09:28 -0700
  Processing by MoviesController#index as HTML
Rendered movies/index.html.haml within layouts/application (3.3ms)
Completed 500 Internal Server Error in 8ms

ActionView::Template::Error (You have a nil object when you didn't expect it!
You might have expected an instance of Array.
The error occurred while evaluating nil.each):
    3: 
    4: = form_tag movies_path, :method => :get do
    5:   Include:
    6:   - @all_ratings.each do |rating|
    7:     = rating
    8:     = check_box_tag "rating[#{rating}]"
    9:   = submit_tag 'Refresh'
  app/views/movies/index.html.haml:6:in `block in _app_views_movies_index_html_haml__833570692__645697068'
  app/views/movies/index.html.haml:4:in `_app_views_movies_index_html_haml__833570692__645697068'

Rendered /usr/local/lib/ruby/gems/1.9.1/gems/actionpack-3.1.0/lib/action_dispatch/middleware/templates/rescues/_trace.erb (1.0ms)
Rendered /usr/local/lib/ruby/gems/1.9.1/gems/actionpack-3.1.0/lib/action_dispatch/middleware/templates/rescues/_request_and_response.erb (0.6ms)
Rendered /usr/local/lib/ruby/gems/1.9.1/gems/actionpack-3.1.0/lib/action_dispatch/middleware/templates/rescues/template_error.erb within rescues/layout (4.2ms)


Started GET "/movies" for 127.0.0.1 at 2013-08-01 08:55:48 -0700

SyntaxError (/home/ubuntu/Documents/hw2_rottenpotatoes/app/controllers/movies_controller.rb:70: syntax error, unexpected $end, expecting keyword_end):
  

Rendered /usr/local/lib/ruby/gems/1.9.1/gems/actionpack-3.1.0/lib/action_dispatch/middleware/templates/rescues/_trace.erb (0.6ms)
Rendered /usr/local/lib/ruby/gems/1.9.1/gems/actionpack-3.1.0/lib/action_dispatch/middleware/templates/rescues/_request_and_response.erb (0.6ms)
Rendered /usr/local/lib/ruby/gems/1.9.1/gems/actionpack-3.1.0/lib/action_dispatch/middleware/templates/rescues/diagnostics.erb within rescues/layout (4.2ms)


Started GET "/movies" for 127.0.0.1 at 2013-08-01 08:57:18 -0700
  Processing by MoviesController#index as HTML
  [1m[35mMovie Load (0.1ms)[0m  SELECT "movies".* FROM "movies" 
Completed 500 Internal Server Error in 2ms

NoMethodError (undefined method `ratings' for #<Class:0xb364202c>):
  app/controllers/movies_controller.rb:39:in `index'

Rendered /usr/local/lib/ruby/gems/1.9.1/gems/actionpack-3.1.0/lib/action_dispatch/middleware/templates/rescues/_trace.erb (0.7ms)
Rendered /usr/local/lib/ruby/gems/1.9.1/gems/actionpack-3.1.0/lib/action_dispatch/middleware/templates/rescues/_request_and_response.erb (0.9ms)
Rendered /usr/local/lib/ruby/gems/1.9.1/gems/actionpack-3.1.0/lib/action_dispatch/middleware/templates/rescues/diagnostics.erb within rescues/layout (3.8ms)


Started GET "/movies" for 127.0.0.1 at 2013-08-01 09:01:50 -0700
  Processing by MoviesController#index as HTML
  [1m[36mMovie Load (0.2ms)[0m  [1mSELECT "movies".* FROM "movies" [0m
Rendered movies/index.html.haml within layouts/application (15.6ms)
Completed 200 OK in 28ms (Views: 25.8ms | ActiveRecord: 0.5ms)


Started GET "/assets/application.css?body=1" for 127.0.0.1 at 2013-08-01 09:01:50 -0700
Served asset /application.css - 304 Not Modified (0ms)


Started GET "/assets/jquery.js?body=1" for 127.0.0.1 at 2013-08-01 09:01:50 -0700
Served asset /jquery.js - 304 Not Modified (0ms)


Started GET "/assets/application.js?body=1" for 127.0.0.1 at 2013-08-01 09:01:50 -0700
Served asset /application.js - 304 Not Modified (0ms)


Started GET "/assets/jquery_ujs.js?body=1" for 127.0.0.1 at 2013-08-01 09:01:50 -0700
Served asset /jquery_ujs.js - 304 Not Modified (0ms)


Started GET "/movies?sort=title" for 127.0.0.1 at 2013-08-01 09:01:52 -0700
  Processing by MoviesController#index as HTML
  Parameters: {"sort"=>"title"}
  [1m[35mMovie Load (0.2ms)[0m  SELECT "movies".* FROM "movies" ORDER BY title
Rendered movies/index.html.haml within layouts/application (10.4ms)
Completed 200 OK in 40ms (Views: 37.6ms | ActiveRecord: 0.4ms)


Started GET "/assets/application.css?body=1" for 127.0.0.1 at 2013-08-01 09:01:52 -0700
Served asset /application.css - 304 Not Modified (0ms)


Started GET "/assets/jquery.js?body=1" for 127.0.0.1 at 2013-08-01 09:01:52 -0700
Served asset /jquery.js - 304 Not Modified (0ms)


Started GET "/assets/jquery_ujs.js?body=1" for 127.0.0.1 at 2013-08-01 09:01:52 -0700
Served asset /jquery_ujs.js - 304 Not Modified (0ms)


Started GET "/assets/application.js?body=1" for 127.0.0.1 at 2013-08-01 09:01:52 -0700
Served asset /application.js - 304 Not Modified (0ms)


Started GET "/movies?utf8=%E2%9C%93&sort=title&ratings%5BG%5D=ratings%5BG%5D&commit=Refresh" for 127.0.0.1 at 2013-08-01 09:01:57 -0700
  Processing by MoviesController#index as HTML
  Parameters: {"utf8"=>"✓", "sort"=>"title", "ratings"=>{"G"=>"ratings[G]"}, "commit"=>"Refresh"}
  [1m[36mMovie Load (0.8ms)[0m  [1mSELECT "movies".* FROM "movies" WHERE "movies"."rating" IN ('G') ORDER BY title[0m
Rendered movies/index.html.haml within layouts/application (11.1ms)
Completed 200 OK in 29ms (Views: 18.5ms | ActiveRecord: 1.0ms)


Started GET "/assets/application.css?body=1" for 127.0.0.1 at 2013-08-01 09:01:57 -0700
Served asset /application.css - 304 Not Modified (0ms)


Started GET "/assets/application.js?body=1" for 127.0.0.1 at 2013-08-01 09:01:57 -0700
Served asset /application.js - 304 Not Modified (0ms)


Started GET "/assets/jquery_ujs.js?body=1" for 127.0.0.1 at 2013-08-01 09:01:57 -0700
Served asset /jquery_ujs.js - 304 Not Modified (0ms)


Started GET "/assets/jquery.js?body=1" for 127.0.0.1 at 2013-08-01 09:01:57 -0700
Served asset /jquery.js - 304 Not Modified (0ms)


Started GET "/movies?utf8=%E2%9C%93&sort=title&ratings%5BG%5D=ratings%5BG%5D&ratings%5BPG%5D=ratings%5BPG%5D&commit=Refresh" for 127.0.0.1 at 2013-08-01 09:02:00 -0700
  Processing by MoviesController#index as HTML
  Parameters: {"utf8"=>"✓", "sort"=>"title", "ratings"=>{"G"=>"ratings[G]", "PG"=>"ratings[PG]"}, "commit"=>"Refresh"}
  [1m[35mMovie Load (0.2ms)[0m  SELECT "movies".* FROM "movies" WHERE "movies"."rating" IN ('G', 'PG') ORDER BY title
Rendered movies/index.html.haml within layouts/application (32.8ms)
Completed 200 OK in 39ms (Views: 36.8ms | ActiveRecord: 1.1ms)


Started GET "/assets/application.css?body=1" for 127.0.0.1 at 2013-08-01 09:02:00 -0700
Served asset /application.css - 304 Not Modified (0ms)


Started GET "/assets/jquery.js?body=1" for 127.0.0.1 at 2013-08-01 09:02:00 -0700
Served asset /jquery.js - 304 Not Modified (0ms)


Started GET "/assets/jquery_ujs.js?body=1" for 127.0.0.1 at 2013-08-01 09:02:00 -0700
Served asset /jquery_ujs.js - 304 Not Modified (0ms)


Started GET "/assets/application.js?body=1" for 127.0.0.1 at 2013-08-01 09:02:00 -0700
Served asset /application.js - 304 Not Modified (0ms)


Started GET "/movies?utf8=%E2%9C%93&sort=title&ratings%5BPG%5D=ratings%5BPG%5D&commit=Refresh" for 127.0.0.1 at 2013-08-01 09:02:04 -0700
  Processing by MoviesController#index as HTML
  Parameters: {"utf8"=>"✓", "sort"=>"title", "ratings"=>{"PG"=>"ratings[PG]"}, "commit"=>"Refresh"}
  [1m[36mMovie Load (0.2ms)[0m  [1mSELECT "movies".* FROM "movies" WHERE "movies"."rating" IN ('PG') ORDER BY title[0m
Rendered movies/index.html.haml within layouts/application (6.9ms)
Completed 200 OK in 17ms (Views: 15.4ms | ActiveRecord: 0.5ms)


Started GET "/assets/application.css?body=1" for 127.0.0.1 at 2013-08-01 09:02:04 -0700
Served asset /application.css - 304 Not Modified (0ms)


Started GET "/assets/jquery_ujs.js?body=1" for 127.0.0.1 at 2013-08-01 09:02:04 -0700
Served asset /jquery_ujs.js - 304 Not Modified (0ms)


Started GET "/assets/jquery.js?body=1" for 127.0.0.1 at 2013-08-01 09:02:04 -0700
Served asset /jquery.js - 304 Not Modified (0ms)


Started GET "/assets/application.js?body=1" for 127.0.0.1 at 2013-08-01 09:02:04 -0700
Served asset /application.js - 304 Not Modified (0ms)
